<?xml version="1.0" encoding="UTF-8"?>
<robot generator="Robot 4.1.2 (Python 3.10.0 on win32)" generated="20211208 17:16:13.829" rpa="false" schemaversion="2">
<suite id="s1" name="Amazon" source="C:\Users\Animesh_Mukherjee\PycharmProjects\Python_Robot_Framework\Tests\Amazon.robot">
<test id="s1-t1" name="Use must sign in to checkout">
<kw name="Begin Web Test" library="Common" type="SETUP">
<kw name="Open Browser" library="SeleniumLibrary">
<arg>about:blank</arg>
<arg>${WEB_BROWSER}</arg>
<doc>Opens a new browser instance to the optional ``url``.</doc>
<msg timestamp="20211208 17:16:14.028" level="INFO">Opening browser 'chrome' to base url 'about:blank'.</msg>
<status status="PASS" starttime="20211208 17:16:14.028" endtime="20211208 17:16:15.328"/>
</kw>
<status status="PASS" starttime="20211208 17:16:14.028" endtime="20211208 17:16:15.329"/>
</kw>
<kw name="Search for products" library="AmazonWeb">
<kw name="Load Website" library="LandingPage">
<kw name="Go To" library="SeleniumLibrary">
<arg>${TEST_URL}</arg>
<doc>Navigates the current browser window to the provided ``url``.</doc>
<msg timestamp="20211208 17:16:15.330" level="INFO">Opening url 'https://www.amazon.com'</msg>
<status status="PASS" starttime="20211208 17:16:15.330" endtime="20211208 17:16:22.570"/>
</kw>
<kw name="Maximize Browser Window" library="SeleniumLibrary">
<doc>Maximizes current browser window.</doc>
<status status="PASS" starttime="20211208 17:16:22.570" endtime="20211208 17:16:22.689"/>
</kw>
<status status="PASS" starttime="20211208 17:16:15.330" endtime="20211208 17:16:22.689"/>
</kw>
<kw name="Verify Page Load" library="LandingPage">
<kw name="Wait Until Page Contains" library="SeleniumLibrary">
<arg>Epic Daily Deals</arg>
<doc>Waits until ``text`` appears on the current page.</doc>
<status status="PASS" starttime="20211208 17:16:22.689" endtime="20211208 17:16:22.728"/>
</kw>
<kw name="Capture Page Screenshot" library="SeleniumLibrary">
<arg>landing_page.png</arg>
<doc>Takes a screenshot of the current page and embeds it into a log file.</doc>
<msg timestamp="20211208 17:16:23.130" level="INFO" html="true">&lt;/td&gt;&lt;/tr&gt;&lt;tr&gt;&lt;td colspan="3"&gt;&lt;a href="landing_page.png"&gt;&lt;img src="landing_page.png" width="800px"&gt;&lt;/a&gt;</msg>
<status status="PASS" starttime="20211208 17:16:22.728" endtime="20211208 17:16:23.130"/>
</kw>
<status status="PASS" starttime="20211208 17:16:22.689" endtime="20211208 17:16:23.130"/>
</kw>
<kw name="Search For Products" library="TopNavigation">
<kw name="Enter Product Name" library="TopNavigation">
<kw name="Input Text" library="SeleniumLibrary">
<arg>${TOP_NAV_SEARCH_BAR}</arg>
<arg>${SEARCH_TERM}</arg>
<doc>Types the given ``text`` into the text field identified by ``locator``.</doc>
<msg timestamp="20211208 17:16:23.131" level="INFO">Typing text 'Ferrari 458' into text field 'xpath=//*[@id="twotabsearchtextbox"]'.</msg>
<status status="PASS" starttime="20211208 17:16:23.131" endtime="20211208 17:16:23.254"/>
</kw>
<kw name="Capture Page Screenshot" library="SeleniumLibrary">
<arg>product_search_term.png</arg>
<doc>Takes a screenshot of the current page and embeds it into a log file.</doc>
<msg timestamp="20211208 17:16:23.527" level="INFO" html="true">&lt;/td&gt;&lt;/tr&gt;&lt;tr&gt;&lt;td colspan="3"&gt;&lt;a href="product_search_term.png"&gt;&lt;img src="product_search_term.png" width="800px"&gt;&lt;/a&gt;</msg>
<status status="PASS" starttime="20211208 17:16:23.255" endtime="20211208 17:16:23.527"/>
</kw>
<status status="PASS" starttime="20211208 17:16:23.130" endtime="20211208 17:16:23.527"/>
</kw>
<kw name="Click On Search" library="TopNavigation">
<kw name="Click Button" library="SeleniumLibrary">
<arg>${TOP_NAV_SEARCH_BUTTON}</arg>
<doc>Clicks the button identified by ``locator``.</doc>
<msg timestamp="20211208 17:16:23.528" level="INFO">Clicking button 'id=nav-search-submit-button'.</msg>
<status status="PASS" starttime="20211208 17:16:23.528" endtime="20211208 17:16:27.227"/>
</kw>
<kw name="Capture Page Screenshot" library="SeleniumLibrary">
<arg>product_list.png</arg>
<doc>Takes a screenshot of the current page and embeds it into a log file.</doc>
<msg timestamp="20211208 17:16:27.482" level="INFO" html="true">&lt;/td&gt;&lt;/tr&gt;&lt;tr&gt;&lt;td colspan="3"&gt;&lt;a href="product_list.png"&gt;&lt;img src="product_list.png" width="800px"&gt;&lt;/a&gt;</msg>
<status status="PASS" starttime="20211208 17:16:27.227" endtime="20211208 17:16:27.482"/>
</kw>
<status status="PASS" starttime="20211208 17:16:23.527" endtime="20211208 17:16:27.482"/>
</kw>
<status status="PASS" starttime="20211208 17:16:23.130" endtime="20211208 17:16:27.482"/>
</kw>
<kw name="Verify Search Result" library="SearchResultPage">
<kw name="Wait Until Page Contains" library="SeleniumLibrary">
<arg>results for "${SEARCH_TERM}"</arg>
<doc>Waits until ``text`` appears on the current page.</doc>
<status status="PASS" starttime="20211208 17:16:27.482" endtime="20211208 17:16:27.501"/>
</kw>
<kw name="Capture Page Screenshot" library="SeleniumLibrary">
<arg>seached_products.png</arg>
<doc>Takes a screenshot of the current page and embeds it into a log file.</doc>
<msg timestamp="20211208 17:16:27.730" level="INFO" html="true">&lt;/td&gt;&lt;/tr&gt;&lt;tr&gt;&lt;td colspan="3"&gt;&lt;a href="seached_products.png"&gt;&lt;img src="seached_products.png" width="800px"&gt;&lt;/a&gt;</msg>
<status status="PASS" starttime="20211208 17:16:27.501" endtime="20211208 17:16:27.730"/>
</kw>
<status status="PASS" starttime="20211208 17:16:27.482" endtime="20211208 17:16:27.730"/>
</kw>
<status status="PASS" starttime="20211208 17:16:15.329" endtime="20211208 17:16:27.730"/>
</kw>
<kw name="Select product" library="AmazonWeb">
<kw name="Verify Product Page" library="ProductPage">
<kw name="Click Element" library="SeleniumLibrary">
<arg>${PRODUCT_LINK}</arg>
<doc>Click the element identified by ``locator``.</doc>
<msg timestamp="20211208 17:16:27.732" level="INFO">Clicking element 'xpath=//span[contains(text(),'Hot Wheels HW City 35/250 Ferrari 458 Italia')]'.</msg>
<status status="PASS" starttime="20211208 17:16:27.731" endtime="20211208 17:16:31.374"/>
</kw>
<kw name="Capture Page Screenshot" library="SeleniumLibrary">
<arg>searched_product.png</arg>
<doc>Takes a screenshot of the current page and embeds it into a log file.</doc>
<msg timestamp="20211208 17:16:31.609" level="INFO" html="true">&lt;/td&gt;&lt;/tr&gt;&lt;tr&gt;&lt;td colspan="3"&gt;&lt;a href="searched_product.png"&gt;&lt;img src="searched_product.png" width="800px"&gt;&lt;/a&gt;</msg>
<status status="PASS" starttime="20211208 17:16:31.374" endtime="20211208 17:16:31.609"/>
</kw>
<status status="PASS" starttime="20211208 17:16:27.731" endtime="20211208 17:16:31.610"/>
</kw>
<status status="PASS" starttime="20211208 17:16:27.731" endtime="20211208 17:16:31.610"/>
</kw>
<kw name="End Web Test" library="Common" type="TEARDOWN">
<kw name="Close Browser" library="SeleniumLibrary">
<doc>Closes the current browser.</doc>
<status status="PASS" starttime="20211208 17:16:31.610" endtime="20211208 17:16:34.219"/>
</kw>
<status status="PASS" starttime="20211208 17:16:31.610" endtime="20211208 17:16:34.219"/>
</kw>
<doc>This is a basic information about test</doc>
<tag>Smoke</tag>
<status status="PASS" starttime="20211208 17:16:14.027" endtime="20211208 17:16:34.220"/>
</test>
<doc>This is where we declare all the libraries</doc>
<status status="PASS" starttime="20211208 17:16:13.835" endtime="20211208 17:16:34.223"/>
</suite>
<statistics>
<total>
<stat pass="1" fail="0" skip="0">All Tests</stat>
</total>
<tag>
<stat pass="1" fail="0" skip="0">Smoke</stat>
</tag>
<suite>
<stat pass="1" fail="0" skip="0" id="s1" name="Amazon">Amazon</stat>
</suite>
</statistics>
<errors>
</errors>
</robot>
