<?xml version="1.0" encoding="UTF-8"?>
<robot generator="Robot 4.1.2 (Python 3.10.0 on win32)" generated="20211209 12:32:11.428" rpa="false" schemaversion="2">
<suite id="s1" name="Amazon" source="C:\Users\Animesh_Mukherjee\PycharmProjects\Python_Robot_Framework\Tests\Amazon.robot">
<test id="s1-t1" name="Use should able to select searched product">
<kw name="Begin Web Test" library="Common" type="SETUP">
<kw name="Open Browser" library="SeleniumLibrary">
<arg>about:blank</arg>
<arg>${WEB_BROWSER}</arg>
<doc>Opens a new browser instance to the optional ``url``.</doc>
<msg timestamp="20211209 12:32:11.638" level="INFO">Opening browser 'chrome' to base url 'about:blank'.</msg>
<status status="PASS" starttime="20211209 12:32:11.638" endtime="20211209 12:32:13.060"/>
</kw>
<status status="PASS" starttime="20211209 12:32:11.637" endtime="20211209 12:32:13.060"/>
</kw>
<kw name="Search for products" library="AmazonWeb">
<kw name="Load Website" library="LandingPage">
<kw name="Go To" library="SeleniumLibrary">
<arg>${TEST_URL}</arg>
<doc>Navigates the current browser window to the provided ``url``.</doc>
<msg timestamp="20211209 12:32:13.062" level="INFO">Opening url 'https://www.amazon.com'</msg>
<status status="PASS" starttime="20211209 12:32:13.062" endtime="20211209 12:32:16.862"/>
</kw>
<kw name="Maximize Browser Window" library="SeleniumLibrary">
<doc>Maximizes current browser window.</doc>
<status status="PASS" starttime="20211209 12:32:16.862" endtime="20211209 12:32:16.980"/>
</kw>
<status status="PASS" starttime="20211209 12:32:13.061" endtime="20211209 12:32:16.980"/>
</kw>
<kw name="Verify Page Load" library="LandingPage">
<kw name="Wait Until Page Contains" library="SeleniumLibrary">
<arg>Epic Daily Deals</arg>
<doc>Waits until ``text`` appears on the current page.</doc>
<status status="PASS" starttime="20211209 12:32:16.981" endtime="20211209 12:32:17.004"/>
</kw>
<kw name="Take Screenshot" library="Screenshot">
<arg>VerifyPageLoad.jpg</arg>
<doc>Takes a screenshot in JPEG format and embeds it into the log file.</doc>
<msg timestamp="20211209 12:32:17.070" level="INFO" html="true">&lt;a href="VerifyPageLoad.jpg"&gt;&lt;img src="VerifyPageLoad.jpg" width="800px"&gt;&lt;/a&gt;</msg>
<status status="PASS" starttime="20211209 12:32:17.004" endtime="20211209 12:32:17.070"/>
</kw>
<status status="PASS" starttime="20211209 12:32:16.980" endtime="20211209 12:32:17.070"/>
</kw>
<kw name="Search For Products" library="TopNavigation">
<kw name="Enter Product Name" library="TopNavigation">
<kw name="Input Text" library="SeleniumLibrary">
<arg>${TOP_NAV_SEARCH_BAR}</arg>
<arg>${SEARCH_TERM}</arg>
<doc>Types the given ``text`` into the text field identified by ``locator``.</doc>
<msg timestamp="20211209 12:32:17.071" level="INFO">Typing text 'Ferrari 458' into text field 'xpath=//*[@id="twotabsearchtextbox"]'.</msg>
<status status="PASS" starttime="20211209 12:32:17.071" endtime="20211209 12:32:17.206"/>
</kw>
<kw name="Take Screenshot" library="Screenshot">
<arg>EnterProductName.jpg</arg>
<doc>Takes a screenshot in JPEG format and embeds it into the log file.</doc>
<msg timestamp="20211209 12:32:17.254" level="INFO" html="true">&lt;a href="EnterProductName.jpg"&gt;&lt;img src="EnterProductName.jpg" width="800px"&gt;&lt;/a&gt;</msg>
<status status="PASS" starttime="20211209 12:32:17.206" endtime="20211209 12:32:17.255"/>
</kw>
<status status="PASS" starttime="20211209 12:32:17.071" endtime="20211209 12:32:17.255"/>
</kw>
<kw name="Click On Search" library="TopNavigation">
<kw name="Click Button" library="SeleniumLibrary">
<arg>${TOP_NAV_SEARCH_BUTTON}</arg>
<doc>Clicks the button identified by ``locator``.</doc>
<msg timestamp="20211209 12:32:17.255" level="INFO">Clicking button 'id=nav-search-submit-button'.</msg>
<status status="PASS" starttime="20211209 12:32:17.255" endtime="20211209 12:32:21.970"/>
</kw>
<kw name="Take Screenshot" library="Screenshot">
<arg>ClickOnButton.jpg</arg>
<doc>Takes a screenshot in JPEG format and embeds it into the log file.</doc>
<msg timestamp="20211209 12:32:22.028" level="INFO" html="true">&lt;a href="ClickOnButton.jpg"&gt;&lt;img src="ClickOnButton.jpg" width="800px"&gt;&lt;/a&gt;</msg>
<status status="PASS" starttime="20211209 12:32:21.970" endtime="20211209 12:32:22.028"/>
</kw>
<status status="PASS" starttime="20211209 12:32:17.255" endtime="20211209 12:32:22.029"/>
</kw>
<status status="PASS" starttime="20211209 12:32:17.070" endtime="20211209 12:32:22.029"/>
</kw>
<kw name="Verify Search Result" library="SearchResultPage">
<kw name="Wait Until Page Contains" library="SeleniumLibrary">
<arg>results for "${SEARCH_TERM}"</arg>
<doc>Waits until ``text`` appears on the current page.</doc>
<status status="PASS" starttime="20211209 12:32:22.030" endtime="20211209 12:32:22.065"/>
</kw>
<kw name="Take Screenshot" library="Screenshot">
<arg>SearchResultPage.jpg</arg>
<doc>Takes a screenshot in JPEG format and embeds it into the log file.</doc>
<msg timestamp="20211209 12:32:22.109" level="INFO" html="true">&lt;a href="SearchResultPage.jpg"&gt;&lt;img src="SearchResultPage.jpg" width="800px"&gt;&lt;/a&gt;</msg>
<status status="PASS" starttime="20211209 12:32:22.065" endtime="20211209 12:32:22.109"/>
</kw>
<status status="PASS" starttime="20211209 12:32:22.029" endtime="20211209 12:32:22.109"/>
</kw>
<status status="PASS" starttime="20211209 12:32:13.061" endtime="20211209 12:32:22.109"/>
</kw>
<kw name="Select product" library="AmazonWeb">
<kw name="Verify Product Page" library="ProductPage">
<kw name="Click Element" library="SeleniumLibrary">
<arg>${PRODUCT_LINK}</arg>
<doc>Click the element identified by ``locator``.</doc>
<msg timestamp="20211209 12:32:22.110" level="INFO">Clicking element 'xpath=//span[contains(text(),'Hot Wheels HW City 35/250 Ferrari 458 Italia')]'.</msg>
<status status="PASS" starttime="20211209 12:32:22.110" endtime="20211209 12:32:25.030"/>
</kw>
<kw name="Take Screenshot" library="Screenshot">
<arg>ProductPage.jpg</arg>
<doc>Takes a screenshot in JPEG format and embeds it into the log file.</doc>
<msg timestamp="20211209 12:32:25.102" level="INFO" html="true">&lt;a href="ProductPage.jpg"&gt;&lt;img src="ProductPage.jpg" width="800px"&gt;&lt;/a&gt;</msg>
<status status="PASS" starttime="20211209 12:32:25.031" endtime="20211209 12:32:25.102"/>
</kw>
<status status="PASS" starttime="20211209 12:32:22.110" endtime="20211209 12:32:25.102"/>
</kw>
<status status="PASS" starttime="20211209 12:32:22.109" endtime="20211209 12:32:25.102"/>
</kw>
<kw name="End Web Test" library="Common" type="TEARDOWN">
<kw name="Close Browser" library="SeleniumLibrary">
<doc>Closes the current browser.</doc>
<status status="PASS" starttime="20211209 12:32:25.103" endtime="20211209 12:32:27.643"/>
</kw>
<status status="PASS" starttime="20211209 12:32:25.103" endtime="20211209 12:32:27.643"/>
</kw>
<doc>This is a basic information about test</doc>
<tag>Smoke</tag>
<status status="PASS" starttime="20211209 12:32:11.637" endtime="20211209 12:32:27.643"/>
</test>
<doc>This is where we declare all the libraries</doc>
<status status="PASS" starttime="20211209 12:32:11.428" endtime="20211209 12:32:27.643"/>
</suite>
<statistics>
<total>
<stat pass="1" fail="0" skip="0">All Tests</stat>
</total>
<tag>
<stat pass="1" fail="0" skip="0">Smoke</stat>
</tag>
<suite>
<stat pass="1" fail="0" skip="0" id="s1" name="Amazon">Amazon</stat>
</suite>
</statistics>
<errors>
</errors>
</robot>
