<?xml version="1.0" encoding="UTF-8"?>
<robot generator="Robot 4.1.2 (Python 3.10.0 on win32)" generated="20211209 09:59:54.701" rpa="false" schemaversion="2">
<suite id="s1" name="Amazon" source="C:\Users\Animesh_Mukherjee\PycharmProjects\Python_Robot_Framework\Tests\Amazon.robot">
<test id="s1-t1" name="Use should able to select searched product">
<kw name="Begin Web Test" library="Common" type="SETUP">
<kw name="Open Browser" library="SeleniumLibrary">
<arg>about:blank</arg>
<arg>${WEB_BROWSER}</arg>
<doc>Opens a new browser instance to the optional ``url``.</doc>
<msg timestamp="20211209 09:59:54.916" level="INFO">Opening browser 'firefox' to base url 'about:blank'.</msg>
<msg timestamp="20211209 09:59:54.916" level="INFO">Firefox driver log is always forced to to: C:\Users\Animesh_Mukherjee\PycharmProjects\Python_Robot_Framework\Results\geckodriver-10.log</msg>
<status status="PASS" starttime="20211209 09:59:54.916" endtime="20211209 10:00:02.503"/>
</kw>
<status status="PASS" starttime="20211209 09:59:54.916" endtime="20211209 10:00:02.503"/>
</kw>
<kw name="Search for products" library="AmazonWeb">
<kw name="Load Website" library="LandingPage">
<kw name="Go To" library="SeleniumLibrary">
<arg>${TEST_URL}</arg>
<doc>Navigates the current browser window to the provided ``url``.</doc>
<msg timestamp="20211209 10:00:02.505" level="INFO">Opening url 'https://www.amazon.com'</msg>
<status status="PASS" starttime="20211209 10:00:02.505" endtime="20211209 10:00:20.054"/>
</kw>
<kw name="Maximize Browser Window" library="SeleniumLibrary">
<doc>Maximizes current browser window.</doc>
<status status="PASS" starttime="20211209 10:00:20.054" endtime="20211209 10:00:20.089"/>
</kw>
<status status="PASS" starttime="20211209 10:00:02.505" endtime="20211209 10:00:20.090"/>
</kw>
<kw name="Verify Page Load" library="LandingPage">
<kw name="Wait Until Page Contains" library="SeleniumLibrary">
<arg>Epic Daily Deals</arg>
<doc>Waits until ``text`` appears on the current page.</doc>
<status status="PASS" starttime="20211209 10:00:20.091" endtime="20211209 10:00:20.172"/>
</kw>
<kw name="Log" library="BuiltIn">
<arg>capture page screenshot</arg>
<doc>Logs the given message with the given level.</doc>
<msg timestamp="20211209 10:00:20.173" level="INFO">capture page screenshot</msg>
<status status="PASS" starttime="20211209 10:00:20.173" endtime="20211209 10:00:20.173"/>
</kw>
<status status="PASS" starttime="20211209 10:00:20.090" endtime="20211209 10:00:20.174"/>
</kw>
<kw name="Search For Products" library="TopNavigation">
<kw name="Enter Product Name" library="TopNavigation">
<kw name="Input Text" library="SeleniumLibrary">
<arg>${TOP_NAV_SEARCH_BAR}</arg>
<arg>${SEARCH_TERM}</arg>
<doc>Types the given ``text`` into the text field identified by ``locator``.</doc>
<msg timestamp="20211209 10:00:20.177" level="INFO">Typing text 'Ferrari 458' into text field 'xpath=//*[@id="twotabsearchtextbox"]'.</msg>
<status status="PASS" starttime="20211209 10:00:20.176" endtime="20211209 10:00:20.305"/>
</kw>
<kw name="Log" library="BuiltIn">
<arg>capture page screenshot</arg>
<doc>Logs the given message with the given level.</doc>
<msg timestamp="20211209 10:00:20.306" level="INFO">capture page screenshot</msg>
<status status="PASS" starttime="20211209 10:00:20.305" endtime="20211209 10:00:20.306"/>
</kw>
<status status="PASS" starttime="20211209 10:00:20.175" endtime="20211209 10:00:20.306"/>
</kw>
<kw name="Click On Search" library="TopNavigation">
<kw name="Click Button" library="SeleniumLibrary">
<arg>${TOP_NAV_SEARCH_BUTTON}</arg>
<doc>Clicks the button identified by ``locator``.</doc>
<msg timestamp="20211209 10:00:20.309" level="INFO">Clicking button 'id=nav-search-submit-button'.</msg>
<status status="PASS" starttime="20211209 10:00:20.308" endtime="20211209 10:00:38.115"/>
</kw>
<kw name="Log" library="BuiltIn">
<arg>capture page screenshot</arg>
<doc>Logs the given message with the given level.</doc>
<msg timestamp="20211209 10:00:38.115" level="INFO">capture page screenshot</msg>
<status status="PASS" starttime="20211209 10:00:38.115" endtime="20211209 10:00:38.115"/>
</kw>
<status status="PASS" starttime="20211209 10:00:20.306" endtime="20211209 10:00:38.115"/>
</kw>
<status status="PASS" starttime="20211209 10:00:20.174" endtime="20211209 10:00:38.116"/>
</kw>
<kw name="Verify Search Result" library="SearchResultPage">
<kw name="Wait Until Page Contains" library="SeleniumLibrary">
<arg>results for "${SEARCH_TERM}"</arg>
<doc>Waits until ``text`` appears on the current page.</doc>
<status status="PASS" starttime="20211209 10:00:38.117" endtime="20211209 10:00:38.147"/>
</kw>
<kw name="Log" library="BuiltIn">
<arg>capture page screenshot</arg>
<doc>Logs the given message with the given level.</doc>
<msg timestamp="20211209 10:00:38.147" level="INFO">capture page screenshot</msg>
<status status="PASS" starttime="20211209 10:00:38.147" endtime="20211209 10:00:38.147"/>
</kw>
<status status="PASS" starttime="20211209 10:00:38.116" endtime="20211209 10:00:38.147"/>
</kw>
<status status="PASS" starttime="20211209 10:00:02.504" endtime="20211209 10:00:38.147"/>
</kw>
<kw name="Select product" library="AmazonWeb">
<kw name="Verify Product Page" library="ProductPage">
<kw name="Click Element" library="SeleniumLibrary">
<arg>${PRODUCT_LINK}</arg>
<doc>Click the element identified by ``locator``.</doc>
<msg timestamp="20211209 10:00:38.155" level="INFO">Clicking element 'xpath=//span[contains(text(),'Hot Wheels HW City 35/250 Ferrari 458 Italia')]'.</msg>
<status status="PASS" starttime="20211209 10:00:38.155" endtime="20211209 10:00:43.636"/>
</kw>
<kw name="Log" library="BuiltIn">
<arg>capture page screenshot</arg>
<doc>Logs the given message with the given level.</doc>
<msg timestamp="20211209 10:00:43.645" level="INFO">capture page screenshot</msg>
<status status="PASS" starttime="20211209 10:00:43.645" endtime="20211209 10:00:43.645"/>
</kw>
<status status="PASS" starttime="20211209 10:00:38.147" endtime="20211209 10:00:43.645"/>
</kw>
<status status="PASS" starttime="20211209 10:00:38.147" endtime="20211209 10:00:43.645"/>
</kw>
<kw name="End Web Test" library="Common" type="TEARDOWN">
<kw name="Close Browser" library="SeleniumLibrary">
<doc>Closes the current browser.</doc>
<status status="PASS" starttime="20211209 10:00:43.647" endtime="20211209 10:00:52.416"/>
</kw>
<status status="PASS" starttime="20211209 10:00:43.646" endtime="20211209 10:00:52.416"/>
</kw>
<doc>This is a basic information about test</doc>
<tag>Smoke</tag>
<status status="PASS" starttime="20211209 09:59:54.916" endtime="20211209 10:00:52.416"/>
</test>
<doc>This is where we declare all the libraries</doc>
<status status="PASS" starttime="20211209 09:59:54.701" endtime="20211209 10:00:52.425"/>
</suite>
<statistics>
<total>
<stat pass="1" fail="0" skip="0">All Tests</stat>
</total>
<tag>
<stat pass="1" fail="0" skip="0">Smoke</stat>
</tag>
<suite>
<stat pass="1" fail="0" skip="0" id="s1" name="Amazon">Amazon</stat>
</suite>
</statistics>
<errors>
</errors>
</robot>
