<?xml version="1.0" encoding="UTF-8"?>
<robot generator="Robot 4.1.2 (Python 3.10.0 on win32)" generated="20211208 12:39:03.387" rpa="false" schemaversion="2">
<suite id="s1" name="Amazon" source="C:\Users\Animesh_Mukherjee\PycharmProjects\Python_Robot_Framework\Tests\Amazon.robot">
<test id="s1-t1" name="Use must sign in to checkout">
<kw name="Begin Web Test" library="Common" type="SETUP">
<kw name="Open Browser" library="SeleniumLibrary">
<arg>about:blank</arg>
<arg>chrome</arg>
<doc>Opens a new browser instance to the optional ``url``.</doc>
<msg timestamp="20211208 12:39:03.620" level="INFO">Opening browser 'chrome' to base url 'about:blank'.</msg>
<status status="PASS" starttime="20211208 12:39:03.620" endtime="20211208 12:39:05.077"/>
</kw>
<status status="PASS" starttime="20211208 12:39:03.619" endtime="20211208 12:39:05.078"/>
</kw>
<kw name="Search for products" library="AmazonWeb">
<kw name="Load Website" library="LandingPage">
<kw name="Go To" library="SeleniumLibrary">
<arg>https://www.amazon.com</arg>
<doc>Navigates the current browser window to the provided ``url``.</doc>
<msg timestamp="20211208 12:39:05.081" level="INFO">Opening url 'https://www.amazon.com'</msg>
<status status="PASS" starttime="20211208 12:39:05.080" endtime="20211208 12:39:08.577"/>
</kw>
<kw name="Maximize Browser Window" library="SeleniumLibrary">
<doc>Maximizes current browser window.</doc>
<status status="PASS" starttime="20211208 12:39:08.578" endtime="20211208 12:39:08.702"/>
</kw>
<status status="PASS" starttime="20211208 12:39:05.080" endtime="20211208 12:39:08.703"/>
</kw>
<kw name="Verify Page Load" library="LandingPage">
<kw name="Wait Until Page Contains" library="SeleniumLibrary">
<arg>Epic Daily Deals</arg>
<doc>Waits until ``text`` appears on the current page.</doc>
<status status="PASS" starttime="20211208 12:39:08.704" endtime="20211208 12:39:08.724"/>
</kw>
<status status="PASS" starttime="20211208 12:39:08.703" endtime="20211208 12:39:08.725"/>
</kw>
<kw name="Search For Products" library="TopNavigation">
<kw name="Enter Product Name" library="TopNavigation">
<kw name="Input Text" library="SeleniumLibrary">
<arg>xpath=//*[@id="twotabsearchtextbox"]</arg>
<arg>Ferrari 458</arg>
<doc>Types the given ``text`` into the text field identified by ``locator``.</doc>
<msg timestamp="20211208 12:39:08.727" level="INFO">Typing text 'Ferrari 458' into text field 'xpath=//*[@id="twotabsearchtextbox"]'.</msg>
<status status="PASS" starttime="20211208 12:39:08.726" endtime="20211208 12:39:08.894"/>
</kw>
<status status="PASS" starttime="20211208 12:39:08.726" endtime="20211208 12:39:08.895"/>
</kw>
<kw name="Click On Search" library="TopNavigation">
<kw name="Click Button" library="SeleniumLibrary">
<arg>id=nav-search-submit-button</arg>
<doc>Clicks the button identified by ``locator``.</doc>
<msg timestamp="20211208 12:39:08.897" level="INFO">Clicking button 'id=nav-search-submit-button'.</msg>
<status status="PASS" starttime="20211208 12:39:08.896" endtime="20211208 12:39:16.499"/>
</kw>
<status status="PASS" starttime="20211208 12:39:08.895" endtime="20211208 12:39:16.499"/>
</kw>
<status status="PASS" starttime="20211208 12:39:08.725" endtime="20211208 12:39:16.499"/>
</kw>
<kw name="Verify Search Result" library="SearchResultPage">
<kw name="Wait Until Page Contains" library="SeleniumLibrary">
<arg>results for "Ferrari 458"</arg>
<doc>Waits until ``text`` appears on the current page.</doc>
<status status="PASS" starttime="20211208 12:39:16.500" endtime="20211208 12:39:16.551"/>
</kw>
<status status="PASS" starttime="20211208 12:39:16.499" endtime="20211208 12:39:16.551"/>
</kw>
<status status="PASS" starttime="20211208 12:39:05.079" endtime="20211208 12:39:16.552"/>
</kw>
<kw name="Select product" library="AmazonWeb">
<kw name="Verify Product Page" library="ProductPage">
<kw name="Click Element" library="SeleniumLibrary">
<arg>xpath=//span[contains(text(),'Hot Wheels HW City 35/250 Ferrari 458 Italia')]</arg>
<doc>Click the element identified by ``locator``.</doc>
<msg timestamp="20211208 12:39:16.554" level="INFO">Clicking element 'xpath=//span[contains(text(),'Hot Wheels HW City 35/250 Ferrari 458 Italia')]'.</msg>
<status status="PASS" starttime="20211208 12:39:16.553" endtime="20211208 12:39:19.931"/>
</kw>
<status status="PASS" starttime="20211208 12:39:16.553" endtime="20211208 12:39:19.931"/>
</kw>
<status status="PASS" starttime="20211208 12:39:16.552" endtime="20211208 12:39:19.931"/>
</kw>
<kw name="End Web Test" library="Common" type="TEARDOWN">
<kw name="Close Browser" library="SeleniumLibrary">
<doc>Closes the current browser.</doc>
<status status="PASS" starttime="20211208 12:39:19.933" endtime="20211208 12:39:22.698"/>
</kw>
<status status="PASS" starttime="20211208 12:39:19.932" endtime="20211208 12:39:22.698"/>
</kw>
<doc>This is a basic information about test</doc>
<tag>Smoke</tag>
<status status="PASS" starttime="20211208 12:39:03.619" endtime="20211208 12:39:22.698"/>
</test>
<doc>This is where we declare all the libraries</doc>
<status status="PASS" starttime="20211208 12:39:03.393" endtime="20211208 12:39:22.701"/>
</suite>
<statistics>
<total>
<stat pass="1" fail="0" skip="0">All Tests</stat>
</total>
<tag>
<stat pass="1" fail="0" skip="0">Smoke</stat>
</tag>
<suite>
<stat pass="1" fail="0" skip="0" id="s1" name="Amazon">Amazon</stat>
</suite>
</statistics>
<errors>
</errors>
</robot>
