<?xml version="1.0" encoding="UTF-8"?>
<robot generator="Robot 4.1.2 (Python 3.10.0 on win32)" generated="20211209 12:27:02.100" rpa="false" schemaversion="2">
<suite id="s1" name="Amazon" source="C:\Users\Animesh_Mukherjee\PycharmProjects\Python_Robot_Framework\Tests\Amazon.robot">
<test id="s1-t1" name="Use should able to select searched product">
<kw name="Begin Web Test" library="Common" type="SETUP">
<kw name="Start Video Recording" library="ScreenCapLibrary">
<arg>AmazonTest.webm</arg>
<doc>Starts the recording of a video in the background with the specified ``name``.
The recording can be stopped by calling the `Stop Video Recording` keyword.</doc>
<msg timestamp="20211209 12:27:04.620" level="INFO">Automatically setting a fps of 12.5</msg>
<status status="PASS" starttime="20211209 12:27:02.538" endtime="20211209 12:27:04.620"/>
</kw>
<kw name="Open Browser" library="SeleniumLibrary">
<arg>about:blank</arg>
<arg>${WEB_BROWSER}</arg>
<doc>Opens a new browser instance to the optional ``url``.</doc>
<msg timestamp="20211209 12:27:04.620" level="INFO">Opening browser 'firefox' to base url 'about:blank'.</msg>
<msg timestamp="20211209 12:27:04.620" level="INFO">Firefox driver log is always forced to to: C:\Users\Animesh_Mukherjee\PycharmProjects\Python_Robot_Framework\Results\geckodriver-18.log</msg>
<status status="PASS" starttime="20211209 12:27:04.620" endtime="20211209 12:27:10.543"/>
</kw>
<status status="PASS" starttime="20211209 12:27:02.537" endtime="20211209 12:27:10.543"/>
</kw>
<kw name="Search for products" library="AmazonWeb">
<kw name="Load Website" library="LandingPage">
<kw name="Go To" library="SeleniumLibrary">
<arg>${TEST_URL}</arg>
<doc>Navigates the current browser window to the provided ``url``.</doc>
<msg timestamp="20211209 12:27:10.545" level="INFO">Opening url 'https://www.amazon.com'</msg>
<status status="PASS" starttime="20211209 12:27:10.545" endtime="20211209 12:27:25.823"/>
</kw>
<kw name="Maximize Browser Window" library="SeleniumLibrary">
<doc>Maximizes current browser window.</doc>
<status status="PASS" starttime="20211209 12:27:25.823" endtime="20211209 12:27:25.847"/>
</kw>
<status status="PASS" starttime="20211209 12:27:10.544" endtime="20211209 12:27:25.848"/>
</kw>
<kw name="Verify Page Load" library="LandingPage">
<kw name="Wait Until Page Contains" library="SeleniumLibrary">
<arg>Epic Daily Deals</arg>
<doc>Waits until ``text`` appears on the current page.</doc>
<status status="PASS" starttime="20211209 12:27:25.848" endtime="20211209 12:27:25.879"/>
</kw>
<kw name="Take Screenshot" library="ScreenCapLibrary">
<arg>VerifyPageLoad.jpg</arg>
<doc>Takes a screenshot in the specified format at library import and
embeds it into the log file (PNG by default).</doc>
<msg timestamp="20211209 12:27:26.034" level="INFO" html="true">&lt;a href="VerifyPageLoad.jpg"&gt;&lt;img src="VerifyPageLoad.jpg" width="800px"&gt;&lt;/a&gt;</msg>
<status status="PASS" starttime="20211209 12:27:25.880" endtime="20211209 12:27:26.034"/>
</kw>
<status status="PASS" starttime="20211209 12:27:25.848" endtime="20211209 12:27:26.034"/>
</kw>
<kw name="Search For Products" library="TopNavigation">
<kw name="Enter Product Name" library="TopNavigation">
<kw name="Input Text" library="SeleniumLibrary">
<arg>${TOP_NAV_SEARCH_BAR}</arg>
<arg>${SEARCH_TERM}</arg>
<doc>Types the given ``text`` into the text field identified by ``locator``.</doc>
<msg timestamp="20211209 12:27:26.041" level="INFO">Typing text 'Ferrari 458' into text field 'xpath=//*[@id="twotabsearchtextbox"]'.</msg>
<status status="PASS" starttime="20211209 12:27:26.041" endtime="20211209 12:27:26.088"/>
</kw>
<kw name="Take Screenshot" library="ScreenCapLibrary">
<arg>EnterProductName.jpg</arg>
<doc>Takes a screenshot in the specified format at library import and
embeds it into the log file (PNG by default).</doc>
<msg timestamp="20211209 12:27:26.242" level="INFO" html="true">&lt;a href="EnterProductName.jpg"&gt;&lt;img src="EnterProductName.jpg" width="800px"&gt;&lt;/a&gt;</msg>
<status status="PASS" starttime="20211209 12:27:26.089" endtime="20211209 12:27:26.242"/>
</kw>
<status status="PASS" starttime="20211209 12:27:26.041" endtime="20211209 12:27:26.242"/>
</kw>
<kw name="Click On Search" library="TopNavigation">
<kw name="Click Button" library="SeleniumLibrary">
<arg>${TOP_NAV_SEARCH_BUTTON}</arg>
<doc>Clicks the button identified by ``locator``.</doc>
<msg timestamp="20211209 12:27:26.243" level="INFO">Clicking button 'id=nav-search-submit-button'.</msg>
<status status="PASS" starttime="20211209 12:27:26.242" endtime="20211209 12:27:36.320"/>
</kw>
<kw name="Take Screenshot" library="ScreenCapLibrary">
<arg>ClickOnButton.jpg</arg>
<doc>Takes a screenshot in the specified format at library import and
embeds it into the log file (PNG by default).</doc>
<msg timestamp="20211209 12:27:36.736" level="INFO" html="true">&lt;a href="ClickOnButton.jpg"&gt;&lt;img src="ClickOnButton.jpg" width="800px"&gt;&lt;/a&gt;</msg>
<status status="PASS" starttime="20211209 12:27:36.320" endtime="20211209 12:27:36.736"/>
</kw>
<status status="PASS" starttime="20211209 12:27:26.242" endtime="20211209 12:27:36.737"/>
</kw>
<status status="PASS" starttime="20211209 12:27:26.034" endtime="20211209 12:27:36.737"/>
</kw>
<kw name="Verify Search Result" library="SearchResultPage">
<kw name="Wait Until Page Contains" library="SeleniumLibrary">
<arg>results for "${SEARCH_TERM}"</arg>
<doc>Waits until ``text`` appears on the current page.</doc>
<status status="PASS" starttime="20211209 12:27:36.738" endtime="20211209 12:27:36.777"/>
</kw>
<kw name="Take Screenshot" library="ScreenCapLibrary">
<arg>SearchResultPage.jpg</arg>
<doc>Takes a screenshot in the specified format at library import and
embeds it into the log file (PNG by default).</doc>
<msg timestamp="20211209 12:27:37.056" level="INFO" html="true">&lt;a href="SearchResultPage.jpg"&gt;&lt;img src="SearchResultPage.jpg" width="800px"&gt;&lt;/a&gt;</msg>
<status status="PASS" starttime="20211209 12:27:36.777" endtime="20211209 12:27:37.056"/>
</kw>
<status status="PASS" starttime="20211209 12:27:36.737" endtime="20211209 12:27:37.056"/>
</kw>
<status status="PASS" starttime="20211209 12:27:10.544" endtime="20211209 12:27:37.057"/>
</kw>
<kw name="Select product" library="AmazonWeb">
<kw name="Verify Product Page" library="ProductPage">
<kw name="Click Element" library="SeleniumLibrary">
<arg>${PRODUCT_LINK}</arg>
<doc>Click the element identified by ``locator``.</doc>
<msg timestamp="20211209 12:27:37.058" level="INFO">Clicking element 'xpath=//span[contains(text(),'Hot Wheels HW City 35/250 Ferrari 458 Italia')]'.</msg>
<status status="PASS" starttime="20211209 12:27:37.058" endtime="20211209 12:27:45.337"/>
</kw>
<kw name="Take Screenshot" library="ScreenCapLibrary">
<arg>ProductPage.jpg</arg>
<doc>Takes a screenshot in the specified format at library import and
embeds it into the log file (PNG by default).</doc>
<msg timestamp="20211209 12:27:45.604" level="INFO" html="true">&lt;a href="ProductPage.jpg"&gt;&lt;img src="ProductPage.jpg" width="800px"&gt;&lt;/a&gt;</msg>
<status status="PASS" starttime="20211209 12:27:45.337" endtime="20211209 12:27:45.604"/>
</kw>
<status status="PASS" starttime="20211209 12:27:37.058" endtime="20211209 12:27:45.604"/>
</kw>
<status status="PASS" starttime="20211209 12:27:37.057" endtime="20211209 12:27:45.605"/>
</kw>
<kw name="End Web Test" library="Common" type="TEARDOWN">
<kw name="Close Browser" library="SeleniumLibrary">
<doc>Closes the current browser.</doc>
<status status="PASS" starttime="20211209 12:27:45.608" endtime="20211209 12:27:55.690"/>
</kw>
<kw name="Stop Video Recording" library="ScreenCapLibrary">
<arg>AmazonTest.webm</arg>
<doc>Stops the video recording corresponding to the given ``alias`` and generates the file in WebM format. If no
``alias`` is specified, the last opened recording will be closed. If there are more recordings with the same
alias all of them will be closed. If ``embed`` argument was set to
``True`` the video will be displayed in the log file.</doc>
<msg timestamp="20211209 12:27:55.751" level="INFO" html="true">&lt;a href="recording_4.webm"&gt;&lt;video width="800px" autoplay&gt;&lt;source src="recording_4.webm" type="video/webm"&gt;&lt;/video&gt;&lt;/a&gt;</msg>
<status status="PASS" starttime="20211209 12:27:55.690" endtime="20211209 12:27:55.751"/>
</kw>
<status status="PASS" starttime="20211209 12:27:45.606" endtime="20211209 12:27:55.752"/>
</kw>
<doc>This is a basic information about test</doc>
<tag>Smoke</tag>
<status status="PASS" starttime="20211209 12:27:02.532" endtime="20211209 12:27:55.752"/>
</test>
<doc>This is where we declare all the libraries</doc>
<status status="PASS" starttime="20211209 12:27:02.117" endtime="20211209 12:27:55.754"/>
</suite>
<statistics>
<total>
<stat pass="1" fail="0" skip="0">All Tests</stat>
</total>
<tag>
<stat pass="1" fail="0" skip="0">Smoke</stat>
</tag>
<suite>
<stat pass="1" fail="0" skip="0" id="s1" name="Amazon">Amazon</stat>
</suite>
</statistics>
<errors>
</errors>
</robot>
