<?xml version="1.0" encoding="UTF-8"?>
<robot generator="Robot 4.1.2 (Python 3.10.0 on win32)" generated="20211209 10:29:48.795" rpa="false" schemaversion="2">
<suite id="s1" name="Amazon" source="C:\Users\Animesh_Mukherjee\PycharmProjects\Python_Robot_Framework\Tests\Amazon.robot">
<test id="s1-t1" name="Use should able to select searched product">
<kw name="Begin Web Test" library="Common" type="SETUP">
<kw name="Open Browser" library="SeleniumLibrary">
<arg>about:blank</arg>
<arg>${WEB_BROWSER}</arg>
<doc>Opens a new browser instance to the optional ``url``.</doc>
<msg timestamp="20211209 10:29:48.996" level="INFO">Opening browser 'firefox' to base url 'about:blank'.</msg>
<msg timestamp="20211209 10:29:48.996" level="INFO">Firefox driver log is always forced to to: C:\Users\Animesh_Mukherjee\PycharmProjects\Python_Robot_Framework\Results\geckodriver-12.log</msg>
<status status="PASS" starttime="20211209 10:29:48.996" endtime="20211209 10:29:55.402"/>
</kw>
<status status="PASS" starttime="20211209 10:29:48.996" endtime="20211209 10:29:55.402"/>
</kw>
<kw name="Search for products" library="AmazonWeb">
<kw name="Load Website" library="LandingPage">
<kw name="Go To" library="SeleniumLibrary">
<arg>${TEST_URL}</arg>
<doc>Navigates the current browser window to the provided ``url``.</doc>
<msg timestamp="20211209 10:29:55.410" level="INFO">Opening url 'https://www.amazon.com'</msg>
<status status="PASS" starttime="20211209 10:29:55.410" endtime="20211209 10:30:23.889"/>
</kw>
<kw name="Maximize Browser Window" library="SeleniumLibrary">
<doc>Maximizes current browser window.</doc>
<status status="PASS" starttime="20211209 10:30:23.889" endtime="20211209 10:30:23.894"/>
</kw>
<status status="PASS" starttime="20211209 10:29:55.410" endtime="20211209 10:30:23.894"/>
</kw>
<kw name="Verify Page Load" library="LandingPage">
<kw name="Wait Until Page Contains" library="SeleniumLibrary">
<arg>Epic Daily Deals</arg>
<doc>Waits until ``text`` appears on the current page.</doc>
<status status="PASS" starttime="20211209 10:30:23.895" endtime="20211209 10:30:23.914"/>
</kw>
<kw name="Log" library="BuiltIn">
<arg>capture page screenshot</arg>
<doc>Logs the given message with the given level.</doc>
<msg timestamp="20211209 10:30:23.915" level="INFO">capture page screenshot</msg>
<status status="PASS" starttime="20211209 10:30:23.915" endtime="20211209 10:30:23.915"/>
</kw>
<status status="PASS" starttime="20211209 10:30:23.894" endtime="20211209 10:30:23.916"/>
</kw>
<kw name="Search For Products" library="TopNavigation">
<kw name="Enter Product Name" library="TopNavigation">
<kw name="Input Text" library="SeleniumLibrary">
<arg>${TOP_NAV_SEARCH_BAR}</arg>
<arg>${SEARCH_TERM}</arg>
<doc>Types the given ``text`` into the text field identified by ``locator``.</doc>
<msg timestamp="20211209 10:30:23.919" level="INFO">Typing text 'Ferrari 458' into text field 'xpath=//*[@id="twotabsearchtextbox"]'.</msg>
<status status="PASS" starttime="20211209 10:30:23.917" endtime="20211209 10:30:23.971"/>
</kw>
<kw name="Log" library="BuiltIn">
<arg>capture page screenshot</arg>
<doc>Logs the given message with the given level.</doc>
<msg timestamp="20211209 10:30:23.971" level="INFO">capture page screenshot</msg>
<status status="PASS" starttime="20211209 10:30:23.971" endtime="20211209 10:30:23.971"/>
</kw>
<status status="PASS" starttime="20211209 10:30:23.917" endtime="20211209 10:30:23.972"/>
</kw>
<kw name="Click On Search" library="TopNavigation">
<kw name="Click Button" library="SeleniumLibrary">
<arg>${TOP_NAV_SEARCH_BUTTON}</arg>
<doc>Clicks the button identified by ``locator``.</doc>
<msg timestamp="20211209 10:30:23.972" level="INFO">Clicking button 'id=nav-search-submit-button'.</msg>
<status status="PASS" starttime="20211209 10:30:23.972" endtime="20211209 10:30:44.937"/>
</kw>
<kw name="Log" library="BuiltIn">
<arg>capture page screenshot</arg>
<doc>Logs the given message with the given level.</doc>
<msg timestamp="20211209 10:30:44.938" level="INFO">capture page screenshot</msg>
<status status="PASS" starttime="20211209 10:30:44.937" endtime="20211209 10:30:44.938"/>
</kw>
<status status="PASS" starttime="20211209 10:30:23.972" endtime="20211209 10:30:44.938"/>
</kw>
<status status="PASS" starttime="20211209 10:30:23.916" endtime="20211209 10:30:44.939"/>
</kw>
<kw name="Verify Search Result" library="SearchResultPage">
<kw name="Wait Until Page Contains" library="SeleniumLibrary">
<arg>results for "${SEARCH_TERM}"</arg>
<doc>Waits until ``text`` appears on the current page.</doc>
<status status="PASS" starttime="20211209 10:30:44.939" endtime="20211209 10:30:44.958"/>
</kw>
<kw name="Log" library="BuiltIn">
<arg>capture page screenshot</arg>
<doc>Logs the given message with the given level.</doc>
<msg timestamp="20211209 10:30:44.958" level="INFO">capture page screenshot</msg>
<status status="PASS" starttime="20211209 10:30:44.958" endtime="20211209 10:30:44.958"/>
</kw>
<status status="PASS" starttime="20211209 10:30:44.939" endtime="20211209 10:30:44.958"/>
</kw>
<status status="PASS" starttime="20211209 10:29:55.410" endtime="20211209 10:30:44.958"/>
</kw>
<kw name="Select product" library="AmazonWeb">
<kw name="Verify Product Page" library="ProductPage">
<kw name="Click Element" library="SeleniumLibrary">
<arg>${PRODUCT_LINK}</arg>
<doc>Click the element identified by ``locator``.</doc>
<msg timestamp="20211209 10:30:44.958" level="INFO">Clicking element 'xpath=//span[contains(text(),'Hot Wheels HW City 35/250 Ferrari 458 Italia')]'.</msg>
<status status="PASS" starttime="20211209 10:30:44.958" endtime="20211209 10:30:47.701"/>
</kw>
<kw name="Log" library="BuiltIn">
<arg>capture page screenshot</arg>
<doc>Logs the given message with the given level.</doc>
<msg timestamp="20211209 10:30:47.702" level="INFO">capture page screenshot</msg>
<status status="PASS" starttime="20211209 10:30:47.702" endtime="20211209 10:30:47.702"/>
</kw>
<status status="PASS" starttime="20211209 10:30:44.958" endtime="20211209 10:30:47.702"/>
</kw>
<status status="PASS" starttime="20211209 10:30:44.958" endtime="20211209 10:30:47.703"/>
</kw>
<kw name="End Web Test" library="Common" type="TEARDOWN">
<kw name="Close Browser" library="SeleniumLibrary">
<doc>Closes the current browser.</doc>
<status status="PASS" starttime="20211209 10:30:47.705" endtime="20211209 10:30:55.674"/>
</kw>
<status status="PASS" starttime="20211209 10:30:47.704" endtime="20211209 10:30:55.674"/>
</kw>
<doc>This is a basic information about test</doc>
<tag>Smoke</tag>
<status status="PASS" starttime="20211209 10:29:48.995" endtime="20211209 10:30:55.674"/>
</test>
<doc>This is where we declare all the libraries</doc>
<status status="PASS" starttime="20211209 10:29:48.803" endtime="20211209 10:30:55.682"/>
</suite>
<statistics>
<total>
<stat pass="1" fail="0" skip="0">All Tests</stat>
</total>
<tag>
<stat pass="1" fail="0" skip="0">Smoke</stat>
</tag>
<suite>
<stat pass="1" fail="0" skip="0" id="s1" name="Amazon">Amazon</stat>
</suite>
</statistics>
<errors>
</errors>
</robot>
