<?xml version="1.0" encoding="UTF-8"?>
<robot generator="Robot 4.1.2 (Python 3.10.0 on win32)" generated="20211208 16:44:12.927" rpa="false" schemaversion="2">
<suite id="s1" name="Amazon" source="C:\Users\Animesh_Mukherjee\PycharmProjects\Python_Robot_Framework\Tests\Amazon.robot">
<test id="s1-t1" name="Use must sign in to checkout">
<kw name="Begin Web Test" library="Common" type="SETUP">
<kw name="Open Browser" library="SeleniumLibrary">
<arg>about:blank</arg>
<arg>${WEB_BROWSER}</arg>
<doc>Opens a new browser instance to the optional ``url``.</doc>
<msg timestamp="20211208 16:44:13.113" level="INFO">Opening browser 'chrome' to base url 'about:blank'.</msg>
<status status="PASS" starttime="20211208 16:44:13.113" endtime="20211208 16:44:14.475"/>
</kw>
<status status="PASS" starttime="20211208 16:44:13.113" endtime="20211208 16:44:14.475"/>
</kw>
<kw name="Search for products" library="AmazonWeb">
<kw name="Load Website" library="LandingPage">
<kw name="Go To" library="SeleniumLibrary">
<arg>${TEST_URL}</arg>
<doc>Navigates the current browser window to the provided ``url``.</doc>
<msg timestamp="20211208 16:44:14.476" level="INFO">Opening url 'https://www.amazon.com'</msg>
<status status="PASS" starttime="20211208 16:44:14.476" endtime="20211208 16:44:28.178"/>
</kw>
<kw name="Maximize Browser Window" library="SeleniumLibrary">
<doc>Maximizes current browser window.</doc>
<status status="PASS" starttime="20211208 16:44:28.178" endtime="20211208 16:44:28.298"/>
</kw>
<status status="PASS" starttime="20211208 16:44:14.476" endtime="20211208 16:44:28.298"/>
</kw>
<kw name="Verify Page Load" library="LandingPage">
<kw name="Wait Until Page Contains" library="SeleniumLibrary">
<arg>Epic Daily Deals</arg>
<doc>Waits until ``text`` appears on the current page.</doc>
<status status="PASS" starttime="20211208 16:44:28.299" endtime="20211208 16:44:28.320"/>
</kw>
<status status="PASS" starttime="20211208 16:44:28.298" endtime="20211208 16:44:28.320"/>
</kw>
<kw name="Search For Products" library="TopNavigation">
<kw name="Enter Product Name" library="TopNavigation">
<kw name="Input Text" library="SeleniumLibrary">
<arg>xpath=//*[@id="twotabsearchtextbox"]</arg>
<arg>${SEARCH_TERM}</arg>
<doc>Types the given ``text`` into the text field identified by ``locator``.</doc>
<msg timestamp="20211208 16:44:28.321" level="INFO">Typing text 'Ferrari 458' into text field 'xpath=//*[@id="twotabsearchtextbox"]'.</msg>
<status status="PASS" starttime="20211208 16:44:28.321" endtime="20211208 16:44:28.461"/>
</kw>
<status status="PASS" starttime="20211208 16:44:28.320" endtime="20211208 16:44:28.461"/>
</kw>
<kw name="Click On Search" library="TopNavigation">
<kw name="Click Button" library="SeleniumLibrary">
<arg>id=nav-search-submit-button</arg>
<doc>Clicks the button identified by ``locator``.</doc>
<msg timestamp="20211208 16:44:28.462" level="INFO">Clicking button 'id=nav-search-submit-button'.</msg>
<status status="PASS" starttime="20211208 16:44:28.462" endtime="20211208 16:44:45.069"/>
</kw>
<status status="PASS" starttime="20211208 16:44:28.462" endtime="20211208 16:44:45.069"/>
</kw>
<status status="PASS" starttime="20211208 16:44:28.320" endtime="20211208 16:44:45.069"/>
</kw>
<kw name="Verify Search Result" library="SearchResultPage">
<kw name="Wait Until Page Contains" library="SeleniumLibrary">
<arg>results for "${SEARCH_TERM}"</arg>
<doc>Waits until ``text`` appears on the current page.</doc>
<status status="PASS" starttime="20211208 16:44:45.069" endtime="20211208 16:44:45.117"/>
</kw>
<status status="PASS" starttime="20211208 16:44:45.069" endtime="20211208 16:44:45.117"/>
</kw>
<status status="PASS" starttime="20211208 16:44:14.475" endtime="20211208 16:44:45.117"/>
</kw>
<kw name="Select product" library="AmazonWeb">
<kw name="Verify Product Page" library="ProductPage">
<kw name="Click Element" library="SeleniumLibrary">
<arg>xpath=//span[contains(text(),'Hot Wheels HW City 35/250 Ferrari 458 Italia')]</arg>
<doc>Click the element identified by ``locator``.</doc>
<msg timestamp="20211208 16:44:45.118" level="INFO">Clicking element 'xpath=//span[contains(text(),'Hot Wheels HW City 35/250 Ferrari 458 Italia')]'.</msg>
<status status="PASS" starttime="20211208 16:44:45.118" endtime="20211208 16:44:49.074"/>
</kw>
<status status="PASS" starttime="20211208 16:44:45.118" endtime="20211208 16:44:49.074"/>
</kw>
<status status="PASS" starttime="20211208 16:44:45.118" endtime="20211208 16:44:49.074"/>
</kw>
<kw name="End Web Test" library="Common" type="TEARDOWN">
<kw name="Close Browser" library="SeleniumLibrary">
<doc>Closes the current browser.</doc>
<status status="PASS" starttime="20211208 16:44:49.075" endtime="20211208 16:44:51.627"/>
</kw>
<status status="PASS" starttime="20211208 16:44:49.075" endtime="20211208 16:44:51.627"/>
</kw>
<doc>This is a basic information about test</doc>
<tag>Smoke</tag>
<status status="PASS" starttime="20211208 16:44:13.112" endtime="20211208 16:44:51.627"/>
</test>
<doc>This is where we declare all the libraries</doc>
<status status="PASS" starttime="20211208 16:44:12.932" endtime="20211208 16:44:51.629"/>
</suite>
<statistics>
<total>
<stat pass="1" fail="0" skip="0">All Tests</stat>
</total>
<tag>
<stat pass="1" fail="0" skip="0">Smoke</stat>
</tag>
<suite>
<stat pass="1" fail="0" skip="0" id="s1" name="Amazon">Amazon</stat>
</suite>
</statistics>
<errors>
</errors>
</robot>
