<?xml version="1.0" encoding="UTF-8"?>
<robot generator="Robot 4.1.2 (Python 3.10.0 on win32)" generated="20211208 17:40:51.095" rpa="false" schemaversion="2">
<suite id="s1" name="Amazon" source="C:\Users\Animesh_Mukherjee\PycharmProjects\Python_Robot_Framework\Tests\Amazon.robot">
<test id="s1-t1" name="Use should able to select searched product">
<kw name="Begin Web Test" library="Common" type="SETUP">
<kw name="Open Browser" library="SeleniumLibrary">
<arg>about:blank</arg>
<arg>${WEB_BROWSER}</arg>
<doc>Opens a new browser instance to the optional ``url``.</doc>
<msg timestamp="20211208 17:40:51.280" level="INFO">Opening browser 'firefox' to base url 'about:blank'.</msg>
<msg timestamp="20211208 17:40:51.281" level="INFO">Firefox driver log is always forced to to: C:\Users\Animesh_Mukherjee\PycharmProjects\Python_Robot_Framework\Results\geckodriver-9.log</msg>
<status status="PASS" starttime="20211208 17:40:51.280" endtime="20211208 17:40:57.175"/>
</kw>
<status status="PASS" starttime="20211208 17:40:51.279" endtime="20211208 17:40:57.175"/>
</kw>
<kw name="Search for products" library="AmazonWeb">
<kw name="Load Website" library="LandingPage">
<kw name="Go To" library="SeleniumLibrary">
<arg>${TEST_URL}</arg>
<doc>Navigates the current browser window to the provided ``url``.</doc>
<msg timestamp="20211208 17:40:57.176" level="INFO">Opening url 'https://www.amazon.com'</msg>
<status status="PASS" starttime="20211208 17:40:57.176" endtime="20211208 17:41:00.887"/>
</kw>
<kw name="Maximize Browser Window" library="SeleniumLibrary">
<doc>Maximizes current browser window.</doc>
<status status="PASS" starttime="20211208 17:41:00.888" endtime="20211208 17:41:00.898"/>
</kw>
<status status="PASS" starttime="20211208 17:40:57.176" endtime="20211208 17:41:00.898"/>
</kw>
<kw name="Verify Page Load" library="LandingPage">
<kw name="Wait Until Page Contains" library="SeleniumLibrary">
<arg>Epic Daily Deals</arg>
<doc>Waits until ``text`` appears on the current page.</doc>
<status status="PASS" starttime="20211208 17:41:00.899" endtime="20211208 17:41:00.932"/>
</kw>
<kw name="Log" library="BuiltIn">
<arg>capture page screenshot</arg>
<doc>Logs the given message with the given level.</doc>
<msg timestamp="20211208 17:41:00.932" level="INFO">capture page screenshot</msg>
<status status="PASS" starttime="20211208 17:41:00.932" endtime="20211208 17:41:00.932"/>
</kw>
<status status="PASS" starttime="20211208 17:41:00.898" endtime="20211208 17:41:00.933"/>
</kw>
<kw name="Search For Products" library="TopNavigation">
<kw name="Enter Product Name" library="TopNavigation">
<kw name="Input Text" library="SeleniumLibrary">
<arg>${TOP_NAV_SEARCH_BAR}</arg>
<arg>${SEARCH_TERM}</arg>
<doc>Types the given ``text`` into the text field identified by ``locator``.</doc>
<msg timestamp="20211208 17:41:00.934" level="INFO">Typing text 'Ferrari 458' into text field 'xpath=//*[@id="twotabsearchtextbox"]'.</msg>
<status status="PASS" starttime="20211208 17:41:00.933" endtime="20211208 17:41:00.976"/>
</kw>
<kw name="Log" library="BuiltIn">
<arg>capture page screenshot</arg>
<doc>Logs the given message with the given level.</doc>
<msg timestamp="20211208 17:41:00.976" level="INFO">capture page screenshot</msg>
<status status="PASS" starttime="20211208 17:41:00.976" endtime="20211208 17:41:00.976"/>
</kw>
<status status="PASS" starttime="20211208 17:41:00.933" endtime="20211208 17:41:00.976"/>
</kw>
<kw name="Click On Search" library="TopNavigation">
<kw name="Click Button" library="SeleniumLibrary">
<arg>${TOP_NAV_SEARCH_BUTTON}</arg>
<doc>Clicks the button identified by ``locator``.</doc>
<msg timestamp="20211208 17:41:00.977" level="INFO">Clicking button 'id=nav-search-submit-button'.</msg>
<status status="PASS" starttime="20211208 17:41:00.977" endtime="20211208 17:41:06.966"/>
</kw>
<kw name="Log" library="BuiltIn">
<arg>capture page screenshot</arg>
<doc>Logs the given message with the given level.</doc>
<msg timestamp="20211208 17:41:06.966" level="INFO">capture page screenshot</msg>
<status status="PASS" starttime="20211208 17:41:06.966" endtime="20211208 17:41:06.967"/>
</kw>
<status status="PASS" starttime="20211208 17:41:00.977" endtime="20211208 17:41:06.967"/>
</kw>
<status status="PASS" starttime="20211208 17:41:00.933" endtime="20211208 17:41:06.967"/>
</kw>
<kw name="Verify Search Result" library="SearchResultPage">
<kw name="Wait Until Page Contains" library="SeleniumLibrary">
<arg>results for "${SEARCH_TERM}"</arg>
<doc>Waits until ``text`` appears on the current page.</doc>
<status status="PASS" starttime="20211208 17:41:06.968" endtime="20211208 17:41:07.002"/>
</kw>
<kw name="Log" library="BuiltIn">
<arg>capture page screenshot</arg>
<doc>Logs the given message with the given level.</doc>
<msg timestamp="20211208 17:41:07.002" level="INFO">capture page screenshot</msg>
<status status="PASS" starttime="20211208 17:41:07.002" endtime="20211208 17:41:07.002"/>
</kw>
<status status="PASS" starttime="20211208 17:41:06.968" endtime="20211208 17:41:07.002"/>
</kw>
<status status="PASS" starttime="20211208 17:40:57.176" endtime="20211208 17:41:07.002"/>
</kw>
<kw name="Select product" library="AmazonWeb">
<kw name="Verify Product Page" library="ProductPage">
<kw name="Click Element" library="SeleniumLibrary">
<arg>${PRODUCT_LINK}</arg>
<doc>Click the element identified by ``locator``.</doc>
<msg timestamp="20211208 17:41:07.004" level="INFO">Clicking element 'xpath=//span[contains(text(),'Hot Wheels HW City 35/250 Ferrari 458 Italia')]'.</msg>
<status status="PASS" starttime="20211208 17:41:07.003" endtime="20211208 17:41:10.832"/>
</kw>
<kw name="Log" library="BuiltIn">
<arg>capture page screenshot</arg>
<doc>Logs the given message with the given level.</doc>
<msg timestamp="20211208 17:41:10.832" level="INFO">capture page screenshot</msg>
<status status="PASS" starttime="20211208 17:41:10.832" endtime="20211208 17:41:10.832"/>
</kw>
<status status="PASS" starttime="20211208 17:41:07.003" endtime="20211208 17:41:10.833"/>
</kw>
<status status="PASS" starttime="20211208 17:41:07.003" endtime="20211208 17:41:10.833"/>
</kw>
<kw name="End Web Test" library="Common" type="TEARDOWN">
<kw name="Close Browser" library="SeleniumLibrary">
<doc>Closes the current browser.</doc>
<status status="PASS" starttime="20211208 17:41:10.834" endtime="20211208 17:41:18.057"/>
</kw>
<status status="PASS" starttime="20211208 17:41:10.833" endtime="20211208 17:41:18.057"/>
</kw>
<doc>This is a basic information about test</doc>
<tag>Smoke</tag>
<status status="PASS" starttime="20211208 17:40:51.279" endtime="20211208 17:41:18.058"/>
</test>
<doc>This is where we declare all the libraries</doc>
<status status="PASS" starttime="20211208 17:40:51.101" endtime="20211208 17:41:18.058"/>
</suite>
<statistics>
<total>
<stat pass="1" fail="0" skip="0">All Tests</stat>
</total>
<tag>
<stat pass="1" fail="0" skip="0">Smoke</stat>
</tag>
<suite>
<stat pass="1" fail="0" skip="0" id="s1" name="Amazon">Amazon</stat>
</suite>
</statistics>
<errors>
</errors>
</robot>
