<?xml version="1.0" encoding="UTF-8"?>
<robot generator="Robot 4.1.2 (Python 3.10.0 on win32)" generated="20211208 11:33:40.965" rpa="false" schemaversion="2">
<suite id="s1" name="Amazon" source="C:\Users\Animesh_Mukherjee\PycharmProjects\Python_Robot_Framework\Tests\Amazon.robot">
<test id="s1-t1" name="Use must sign in to checkout">
<kw name="Begin Web Test" library="Common" type="SETUP">
<kw name="Open Browser" library="SeleniumLibrary">
<arg>about:blank</arg>
<arg>chrome</arg>
<doc>Opens a new browser instance to the optional ``url``.</doc>
<msg timestamp="20211208 11:33:41.189" level="INFO">Opening browser 'chrome' to base url 'about:blank'.</msg>
<status status="PASS" starttime="20211208 11:33:41.189" endtime="20211208 11:33:42.612"/>
</kw>
<status status="PASS" starttime="20211208 11:33:41.189" endtime="20211208 11:33:42.612"/>
</kw>
<kw name="Search for products" library="AmazonWeb">
<kw name="Go To" library="SeleniumLibrary">
<arg>https://www.amazon.com</arg>
<doc>Navigates the current browser window to the provided ``url``.</doc>
<msg timestamp="20211208 11:33:42.613" level="INFO">Opening url 'https://www.amazon.com'</msg>
<status status="PASS" starttime="20211208 11:33:42.613" endtime="20211208 11:33:46.252"/>
</kw>
<kw name="Maximize Browser Window" library="SeleniumLibrary">
<doc>Maximizes current browser window.</doc>
<status status="PASS" starttime="20211208 11:33:46.252" endtime="20211208 11:33:46.421"/>
</kw>
<kw name="Wait Until Page Contains" library="SeleniumLibrary">
<arg>Epic Daily Deals</arg>
<doc>Waits until ``text`` appears on the current page.</doc>
<status status="PASS" starttime="20211208 11:33:46.422" endtime="20211208 11:33:46.450"/>
</kw>
<kw name="Input Text" library="SeleniumLibrary">
<arg>xpath=//*[@id="twotabsearchtextbox"]</arg>
<arg>Ferrari 458</arg>
<doc>Types the given ``text`` into the text field identified by ``locator``.</doc>
<msg timestamp="20211208 11:33:46.452" level="INFO">Typing text 'Ferrari 458' into text field 'xpath=//*[@id="twotabsearchtextbox"]'.</msg>
<status status="PASS" starttime="20211208 11:33:46.451" endtime="20211208 11:33:46.630"/>
</kw>
<kw name="Click Button" library="SeleniumLibrary">
<arg>id=nav-search-submit-button</arg>
<doc>Clicks the button identified by ``locator``.</doc>
<msg timestamp="20211208 11:33:46.630" level="INFO">Clicking button 'id=nav-search-submit-button'.</msg>
<status status="PASS" starttime="20211208 11:33:46.630" endtime="20211208 11:33:51.862"/>
</kw>
<kw name="Wait Until Page Contains" library="SeleniumLibrary">
<arg>results for "Ferrari 458"</arg>
<doc>Waits until ``text`` appears on the current page.</doc>
<status status="PASS" starttime="20211208 11:33:51.863" endtime="20211208 11:33:51.884"/>
</kw>
<status status="PASS" starttime="20211208 11:33:42.613" endtime="20211208 11:33:51.885"/>
</kw>
<kw name="Select product" library="AmazonWeb">
<kw name="Click Element" library="SeleniumLibrary">
<arg>xpath=//span[contains(text(),'Hot Wheels HW City 35/250 Ferrari 458 Italia')]</arg>
<doc>Click the element identified by ``locator``.</doc>
<msg timestamp="20211208 11:33:51.886" level="INFO">Clicking element 'xpath=//span[contains(text(),'Hot Wheels HW City 35/250 Ferrari 458 Italia')]'.</msg>
<status status="PASS" starttime="20211208 11:33:51.886" endtime="20211208 11:33:55.116"/>
</kw>
<status status="PASS" starttime="20211208 11:33:51.886" endtime="20211208 11:33:55.116"/>
</kw>
<kw name="End Web Test" library="Common" type="TEARDOWN">
<kw name="Close Browser" library="SeleniumLibrary">
<doc>Closes the current browser.</doc>
<status status="PASS" starttime="20211208 11:33:55.118" endtime="20211208 11:33:58.019"/>
</kw>
<status status="PASS" starttime="20211208 11:33:55.117" endtime="20211208 11:33:58.020"/>
</kw>
<doc>This is a basic information about test</doc>
<tag>Smoke</tag>
<status status="PASS" starttime="20211208 11:33:41.188" endtime="20211208 11:33:58.021"/>
</test>
<doc>This is where we declare all the libraries</doc>
<status status="PASS" starttime="20211208 11:33:40.972" endtime="20211208 11:33:58.024"/>
</suite>
<statistics>
<total>
<stat pass="1" fail="0" skip="0">All Tests</stat>
</total>
<tag>
<stat pass="1" fail="0" skip="0">Smoke</stat>
</tag>
<suite>
<stat pass="1" fail="0" skip="0" id="s1" name="Amazon">Amazon</stat>
</suite>
</statistics>
<errors>
</errors>
</robot>
